2021-10-11 14:02:15 [main] [INFO] Starting KafkaApplication on 4paradigmdeMacBook-Pro.local with PID 23914 (/Users/4paradigm/Desktop/IPTV/cloudserver/KAFKA/target/classes started by 4paradigm in /Users/4paradigm/Desktop/IPTV/cloudserver/KAFKA)
2021-10-11 14:02:15 [main] [INFO] No active profile set, falling back to default profiles: default
2021-10-11 14:02:16 [main] [INFO] Bean 'org.springframework.kafka.annotation.KafkaBootstrapConfiguration' of type [org.springframework.kafka.annotation.KafkaBootstrapConfiguration$$EnhancerBySpringCGLIB$$8e85d056] is not eligible for getting processed by all BeanPostProcessors (for example: not eligible for auto-proxying)
2021-10-11 14:02:16 [main] [INFO] Tomcat initialized with port(s): 8083 (http)
2021-10-11 14:02:16 [main] [INFO] Initializing ProtocolHandler ["http-nio-8083"]
2021-10-11 14:02:16 [main] [INFO] Starting service [Tomcat]
2021-10-11 14:02:16 [main] [INFO] Starting Servlet engine: [Apache Tomcat/9.0.16]
2021-10-11 14:02:16 [main] [INFO] The APR based Apache Tomcat Native library which allows optimal performance in production environments was not found on the java.library.path: [/Users/4paradigm/Library/Java/Extensions:/Library/Java/Extensions:/Network/Library/Java/Extensions:/System/Library/Java/Extensions:/usr/lib/java:.]
2021-10-11 14:02:17 [main] [INFO] Initializing Spring embedded WebApplicationContext
2021-10-11 14:02:17 [main] [INFO] Root WebApplicationContext: initialization completed in 1247 ms
2021-10-11 14:02:17 [main] [INFO] ConsumerConfig values: 
	auto.commit.interval.ms = 100
	auto.offset.reset = latest
	bootstrap.servers = [192.168.1.8:9092]
	check.crcs = true
	client.id = 
	connections.max.idle.ms = 540000
	default.api.timeout.ms = 60000
	enable.auto.commit = false
	exclude.internal.topics = true
	fetch.max.bytes = 52428800
	fetch.max.wait.ms = 500
	fetch.min.bytes = 1
	group.id = f1
	heartbeat.interval.ms = 3000
	interceptor.classes = []
	internal.leave.group.on.close = true
	isolation.level = read_uncommitted
	key.deserializer = class org.apache.kafka.common.serialization.StringDeserializer
	max.partition.fetch.bytes = 1048576
	max.poll.interval.ms = 300000
	max.poll.records = 100
	metadata.max.age.ms = 300000
	metric.reporters = []
	metrics.num.samples = 2
	metrics.recording.level = INFO
	metrics.sample.window.ms = 30000
	partition.assignment.strategy = [class org.apache.kafka.clients.consumer.RangeAssignor]
	receive.buffer.bytes = 65536
	reconnect.backoff.max.ms = 1000
	reconnect.backoff.ms = 50
	request.timeout.ms = 180000
	retry.backoff.ms = 100
	sasl.client.callback.handler.class = null
	sasl.jaas.config = null
	sasl.kerberos.kinit.cmd = /usr/bin/kinit
	sasl.kerberos.min.time.before.relogin = 60000
	sasl.kerberos.service.name = null
	sasl.kerberos.ticket.renew.jitter = 0.05
	sasl.kerberos.ticket.renew.window.factor = 0.8
	sasl.login.callback.handler.class = null
	sasl.login.class = null
	sasl.login.refresh.buffer.seconds = 300
	sasl.login.refresh.min.period.seconds = 60
	sasl.login.refresh.window.factor = 0.8
	sasl.login.refresh.window.jitter = 0.05
	sasl.mechanism = GSSAPI
	security.protocol = PLAINTEXT
	send.buffer.bytes = 131072
	session.timeout.ms = 120000
	ssl.cipher.suites = null
	ssl.enabled.protocols = [TLSv1.2, TLSv1.1, TLSv1]
	ssl.endpoint.identification.algorithm = https
	ssl.key.password = null
	ssl.keymanager.algorithm = SunX509
	ssl.keystore.location = null
	ssl.keystore.password = null
	ssl.keystore.type = JKS
	ssl.protocol = TLS
	ssl.provider = null
	ssl.secure.random.implementation = null
	ssl.trustmanager.algorithm = PKIX
	ssl.truststore.location = null
	ssl.truststore.password = null
	ssl.truststore.type = JKS
	value.deserializer = class org.apache.kafka.common.serialization.StringDeserializer

2021-10-11 14:02:17 [main] [INFO] Kafka version : 2.0.1
2021-10-11 14:02:17 [main] [INFO] Kafka commitId : fa14705e51bd2ce5
2021-10-11 14:02:17 [main] [INFO] Initializing ExecutorService 'applicationTaskExecutor'
2021-10-11 14:02:17 [main] [INFO] ConsumerConfig values: 
	auto.commit.interval.ms = 100
	auto.offset.reset = latest
	bootstrap.servers = [192.168.1.8:9092]
	check.crcs = true
	client.id = 
	connections.max.idle.ms = 540000
	default.api.timeout.ms = 60000
	enable.auto.commit = false
	exclude.internal.topics = true
	fetch.max.bytes = 52428800
	fetch.max.wait.ms = 500
	fetch.min.bytes = 1
	group.id = f1
	heartbeat.interval.ms = 3000
	interceptor.classes = []
	internal.leave.group.on.close = true
	isolation.level = read_uncommitted
	key.deserializer = class org.apache.kafka.common.serialization.StringDeserializer
	max.partition.fetch.bytes = 1048576
	max.poll.interval.ms = 300000
	max.poll.records = 100
	metadata.max.age.ms = 300000
	metric.reporters = []
	metrics.num.samples = 2
	metrics.recording.level = INFO
	metrics.sample.window.ms = 30000
	partition.assignment.strategy = [class org.apache.kafka.clients.consumer.RangeAssignor]
	receive.buffer.bytes = 65536
	reconnect.backoff.max.ms = 1000
	reconnect.backoff.ms = 50
	request.timeout.ms = 180000
	retry.backoff.ms = 100
	sasl.client.callback.handler.class = null
	sasl.jaas.config = null
	sasl.kerberos.kinit.cmd = /usr/bin/kinit
	sasl.kerberos.min.time.before.relogin = 60000
	sasl.kerberos.service.name = null
	sasl.kerberos.ticket.renew.jitter = 0.05
	sasl.kerberos.ticket.renew.window.factor = 0.8
	sasl.login.callback.handler.class = null
	sasl.login.class = null
	sasl.login.refresh.buffer.seconds = 300
	sasl.login.refresh.min.period.seconds = 60
	sasl.login.refresh.window.factor = 0.8
	sasl.login.refresh.window.jitter = 0.05
	sasl.mechanism = GSSAPI
	security.protocol = PLAINTEXT
	send.buffer.bytes = 131072
	session.timeout.ms = 120000
	ssl.cipher.suites = null
	ssl.enabled.protocols = [TLSv1.2, TLSv1.1, TLSv1]
	ssl.endpoint.identification.algorithm = https
	ssl.key.password = null
	ssl.keymanager.algorithm = SunX509
	ssl.keystore.location = null
	ssl.keystore.password = null
	ssl.keystore.type = JKS
	ssl.protocol = TLS
	ssl.provider = null
	ssl.secure.random.implementation = null
	ssl.trustmanager.algorithm = PKIX
	ssl.truststore.location = null
	ssl.truststore.password = null
	ssl.truststore.type = JKS
	value.deserializer = class org.apache.kafka.common.serialization.StringDeserializer

2021-10-11 14:02:17 [main] [INFO] Kafka version : 2.0.1
2021-10-11 14:02:17 [main] [INFO] Kafka commitId : fa14705e51bd2ce5
2021-10-11 14:02:18 [main] [WARN] [Consumer clientId=consumer-2, groupId=f1] Connection to node -1 could not be established. Broker may not be available.
2021-10-11 14:02:19 [main] [WARN] [Consumer clientId=consumer-2, groupId=f1] Connection to node -1 could not be established. Broker may not be available.
2021-10-11 14:02:19 [main] [WARN] [Consumer clientId=consumer-2, groupId=f1] Connection to node -1 could not be established. Broker may not be available.
2021-10-11 14:02:19 [main] [WARN] [Consumer clientId=consumer-2, groupId=f1] Connection to node -1 could not be established. Broker may not be available.
2021-10-11 14:02:19 [main] [WARN] [Consumer clientId=consumer-2, groupId=f1] Connection to node -1 could not be established. Broker may not be available.
2021-10-11 14:02:20 [main] [WARN] [Consumer clientId=consumer-2, groupId=f1] Connection to node -1 could not be established. Broker may not be available.
2021-10-11 14:02:22 [main] [WARN] [Consumer clientId=consumer-2, groupId=f1] Connection to node -1 could not be established. Broker may not be available.
2021-10-11 14:02:23 [main] [WARN] [Consumer clientId=consumer-2, groupId=f1] Connection to node -1 could not be established. Broker may not be available.
2021-10-11 14:02:24 [main] [WARN] [Consumer clientId=consumer-2, groupId=f1] Connection to node -1 could not be established. Broker may not be available.
2021-10-11 14:02:25 [main] [WARN] [Consumer clientId=consumer-2, groupId=f1] Connection to node -1 could not be established. Broker may not be available.
2021-10-11 14:02:26 [main] [WARN] [Consumer clientId=consumer-2, groupId=f1] Connection to node -1 could not be established. Broker may not be available.
2021-10-11 14:02:27 [main] [WARN] [Consumer clientId=consumer-2, groupId=f1] Connection to node -1 could not be established. Broker may not be available.
2021-10-11 14:02:28 [main] [WARN] [Consumer clientId=consumer-2, groupId=f1] Connection to node -1 could not be established. Broker may not be available.
2021-10-11 14:02:30 [main] [WARN] [Consumer clientId=consumer-2, groupId=f1] Connection to node -1 could not be established. Broker may not be available.
2021-10-11 14:02:31 [main] [WARN] [Consumer clientId=consumer-2, groupId=f1] Connection to node -1 could not be established. Broker may not be available.
2021-10-11 14:02:32 [main] [WARN] [Consumer clientId=consumer-2, groupId=f1] Connection to node -1 could not be established. Broker may not be available.
2021-10-11 14:02:33 [main] [WARN] [Consumer clientId=consumer-2, groupId=f1] Connection to node -1 could not be established. Broker may not be available.
2021-10-11 14:02:34 [main] [WARN] [Consumer clientId=consumer-2, groupId=f1] Connection to node -1 could not be established. Broker may not be available.
2021-10-11 14:02:36 [main] [WARN] [Consumer clientId=consumer-2, groupId=f1] Connection to node -1 could not be established. Broker may not be available.
